<?xml version="1.0" encoding="UTF-8"?>
<!-- Generated by org.testng.reporters.JUnitReportReporter -->
<testsuite hostname="Vinay-PC" failures="0" tests="8" name="Runner.Runcukes" time="0.435" errors="0" timestamp="2024-04-23T14:22:24 IST" skipped="0">
  <testcase classname="Runner.Runcukes" name="runScenario" time="0.030"/>
  <system-out/>
  <testcase classname="Runner.Runcukes" name="runScenario" time="0.034"/>
  <system-out/>
  <testcase classname="Runner.Runcukes" name="runScenario" time="0.196"/>
  <system-out/>
  <testcase classname="Runner.Runcukes" name="runScenario" time="0.029"/>
  <system-out/>
  <testcase classname="Runner.Runcukes" name="runScenario" time="0.036"/>
  <system-out/>
  <testcase classname="Runner.Runcukes" name="runScenario" time="0.034"/>
  <system-out/>
  <testcase classname="Runner.Runcukes" name="runScenario" time="0.048"/>
  <system-out/>
  <testcase classname="Runner.Runcukes" name="runScenario" time="0.028"/>
  <system-out/>
</testsuite> <!-- Runner.Runcukes -->
