<?xml version="1.0" encoding="UTF-8"?>
<!-- Generated by org.testng.reporters.JUnitReportReporter -->
<testsuite hostname="Vinay-PC" failures="0" tests="1" name="Runner.Runcukes" time="0.557" errors="0" timestamp="2024-04-24T18:03:05 IST" skipped="0">
  <testcase classname="Runner.Runcukes" name="runScenario" time="0.557"/>
  <system-out/>
</testsuite> <!-- Runner.Runcukes -->
